2022-11-28 11:18:27,644 [Worker-5: Loading available Gradle versions] INFO  o.e.b.c.i.u.g.PublishedGradleVersions - Gradle version information cache is up-to-date. Trying to read.
2022-11-28 11:47:36,719 [Worker-25: Creating project "corespringdemo"] INFO  o.e.m.c.i.l.LifecycleMappingFactory - Using org.eclipse.m2e.jdt.JarLifecycleMapping lifecycle mapping for MavenProject: com.boa:corespringdemo:0.0.1-SNAPSHOT @ F:\boasbnov2022\corespringdemo\pom.xml.
2022-11-28 11:47:39,817 [Worker-25: Creating project "corespringdemo"] INFO  o.e.m.j.i.AbstractJavaProjectConfigurator - Adding source folder /corespringdemo/src/main/java
2022-11-28 11:47:39,821 [Worker-25: Creating project "corespringdemo"] INFO  o.e.m.j.i.AbstractJavaProjectConfigurator - Adding resource folder /corespringdemo/src/main/resources
2022-11-28 11:47:39,822 [Worker-25: Creating project "corespringdemo"] INFO  o.e.m.j.i.AbstractJavaProjectConfigurator - Adding source folder /corespringdemo/src/test/java
2022-11-28 11:47:39,824 [Worker-25: Creating project "corespringdemo"] INFO  o.e.m.j.i.AbstractJavaProjectConfigurator - Adding resource folder /corespringdemo/src/test/resources
2022-11-28 11:47:42,767 [Worker-27: Building] WARN  o.e.m.c.i.embedder.EclipseLogger - Using platform encoding (Cp1252 actually) to copy filtered resources, i.e. build is platform dependent!
2022-11-28 11:47:42,790 [Worker-27: Building] INFO  o.e.m.c.i.embedder.EclipseLogger - Copying 0 resource
2022-11-28 11:47:42,792 [Worker-27: Building] WARN  o.e.m.c.i.embedder.EclipseLogger - Using platform encoding (Cp1252 actually) to copy filtered resources, i.e. build is platform dependent!
2022-11-28 11:47:42,794 [Worker-27: Building] INFO  o.e.m.c.i.embedder.EclipseLogger - Copying 0 resource
2022-11-28 11:54:34,328 [Worker-31: Building] INFO  o.e.m.c.i.l.LifecycleMappingFactory - Using org.eclipse.m2e.jdt.JarLifecycleMapping lifecycle mapping for MavenProject: com.boa:corespringdemo:0.0.1-SNAPSHOT @ F:\boasbnov2022\corespringdemo\pom.xml.
2022-11-28 11:54:35,897 [Worker-31: Building] INFO  o.e.m.c.i.embedder.EclipseLogger - Using 'UTF-8' encoding to copy filtered resources.
2022-11-28 11:54:35,904 [Worker-31: Building] INFO  o.e.m.c.i.embedder.EclipseLogger - Copying 0 resource
2022-11-28 11:54:35,908 [Worker-31: Building] INFO  o.e.m.c.i.embedder.EclipseLogger - Using 'UTF-8' encoding to copy filtered resources.
2022-11-28 11:54:35,908 [Worker-31: Building] INFO  o.e.m.c.i.embedder.EclipseLogger - Copying 0 resource
2022-11-28 11:54:41,319 [Worker-28: Building] INFO  o.e.m.c.i.embedder.EclipseLogger - Using 'UTF-8' encoding to copy filtered resources.
2022-11-28 11:54:41,319 [Worker-28: Building] INFO  o.e.m.c.i.embedder.EclipseLogger - Copying 0 resource
2022-11-28 11:54:41,321 [Worker-28: Building] INFO  o.e.m.c.i.embedder.EclipseLogger - Using 'UTF-8' encoding to copy filtered resources.
2022-11-28 11:54:41,322 [Worker-28: Building] INFO  o.e.m.c.i.embedder.EclipseLogger - Copying 0 resource
2022-11-28 11:54:51,454 [Worker-27: Updating Maven Project] INFO  o.e.m.c.i.p.ProjectConfigurationManager - Update started
2022-11-28 11:54:51,986 [Worker-27: Updating Maven Project] INFO  o.e.m.c.i.l.LifecycleMappingFactory - Using org.eclipse.m2e.jdt.JarLifecycleMapping lifecycle mapping for MavenProject: com.boa:corespringdemo:0.0.1-SNAPSHOT @ F:\boasbnov2022\corespringdemo\pom.xml.
2022-11-28 11:54:52,203 [Worker-27: Updating Maven Project] INFO  o.e.m.j.i.AbstractJavaProjectConfigurator - Adding source folder /corespringdemo/src/main/java
2022-11-28 11:54:52,204 [Worker-27: Updating Maven Project] INFO  o.e.m.j.i.AbstractJavaProjectConfigurator - Adding resource folder /corespringdemo/src/main/resources
2022-11-28 11:54:52,219 [Worker-27: Updating Maven Project] INFO  o.e.m.j.i.AbstractJavaProjectConfigurator - Adding source folder /corespringdemo/src/test/java
2022-11-28 11:54:52,219 [Worker-27: Updating Maven Project] INFO  o.e.m.j.i.AbstractJavaProjectConfigurator - Adding resource folder /corespringdemo/src/test/resources
2022-11-28 11:54:52,536 [Worker-27: Updating Maven Project] INFO  o.e.m.c.i.p.ProjectConfigurationManager - Update completed: 1 sec
2022-11-28 11:54:52,698 [Worker-31: Building] INFO  o.e.m.c.i.embedder.EclipseLogger - Using 'UTF-8' encoding to copy filtered resources.
2022-11-28 11:54:52,698 [Worker-31: Building] INFO  o.e.m.c.i.embedder.EclipseLogger - Copying 0 resource
2022-11-28 11:54:52,701 [Worker-31: Building] INFO  o.e.m.c.i.embedder.EclipseLogger - Using 'UTF-8' encoding to copy filtered resources.
2022-11-28 11:54:52,702 [Worker-31: Building] INFO  o.e.m.c.i.embedder.EclipseLogger - Copying 0 resource
